2024-02-25 12:38:05,321 [INFO] MainUpdater:2868 - connection check result : 10
2024-02-25 12:38:05,584 [INFO] MainUpdater:2868 - connection check result : 10
2024-02-25 12:38:06,010 [INFO] MicroXplorer:468 - Change Database Path : 
2024-02-25 12:38:06,010 [INFO] MicroXplorer:498 - Change Database Version : DB.6.0.90
2024-02-25 12:38:06,395 [WARN] ThirdParty:871 - waiting for thirdparty lock release [close project]
2024-02-25 12:38:06,395 [INFO] ThirdParty:873 - entering critical section [close project]
2024-02-25 12:38:06,396 [INFO] ThirdParty:883 - exiting critical section [close project]
2024-02-25 12:38:06,409 [INFO] PinOutPanel:1499 - setPackage(No Configuration,No Configuration)
2024-02-25 12:38:06,448 [WARN] IpParametersView:151 - Warning: This peripheral hasn't parameters
2024-02-25 12:38:06,463 [WARN] MainPanel:272 - <html><b><center>Warning: This peripheral has no parameters to be configured<br></b></html>
2024-02-25 12:38:06,480 [INFO] UtilMem:75 - Begin LoadConfig() Used Memory: 823758552 Bytes (1073741824)
2024-02-25 12:38:06,481 [INFO] MicroXplorer:468 - Change Database Path : 
2024-02-25 12:38:06,482 [INFO] MicroXplorer:498 - Change Database Version : DB.6.0.90
2024-02-25 12:38:06,482 [INFO] OpenFileManager:308 - Change cursor
2024-02-25 12:38:06,574 [INFO] RulesReader:64 - Compatibility file has been processed (293 Rules)
2024-02-25 12:38:06,680 [INFO] Mcu:1946 - Initializing MCU STM32F429ZITx STM32F429ZITx STM32F429ZIT6
2024-02-25 12:38:11,887 [INFO] Context:659 - Trying to add GPIOservice into a context  which must be forbidden
2024-02-25 12:38:13,016 [INFO] RtosManager:555 - Registered RTOS mode: class=CMSIS, group=RTOS, mode=CMSIS_V1, owner=FREERTOS
2024-02-25 12:38:13,016 [INFO] RtosManager:555 - Registered RTOS mode: class=CMSIS, group=RTOS2, mode=CMSIS_V2, owner=FREERTOS
2024-02-25 12:38:13,016 [INFO] RtosManager:555 - Registered RTOS mode: class=RTOS, group=Core, mode=CMSIS_V1, owner=FREERTOS
2024-02-25 12:38:13,016 [INFO] RtosManager:555 - Registered RTOS mode: class=RTOS, group=Core, mode=CMSIS_V2, owner=FREERTOS
2024-02-25 12:38:13,016 [WARN] ModelIntegratedComponent:184 - Missing modes for component STMicroelectronics:FreeRTOS:0.0.1:STMicroelectronics:RTOS:FreeRTOS:Core:::10.2.0:
2024-02-25 12:38:13,019 [WARN] ModelIntegratedComponent:63 - No mode defined for component null
2024-02-25 12:38:13,019 [WARN] ModelIntegratedComponent:63 - No mode defined for component null
2024-02-25 12:38:13,019 [WARN] ModelIntegratedComponent:63 - No mode defined for component null
2024-02-25 12:38:13,019 [WARN] ModelIntegratedComponent:63 - No mode defined for component null
2024-02-25 12:38:13,019 [WARN] ModelIntegratedComponent:63 - No mode defined for component null
2024-02-25 12:38:13,019 [WARN] ModelIntegratedComponent:63 - No mode defined for component null
2024-02-25 12:38:13,019 [WARN] ModelIntegratedComponent:63 - No mode defined for component null
2024-02-25 12:38:13,019 [WARN] ModelIntegratedComponent:63 - No mode defined for component null
2024-02-25 12:38:13,020 [WARN] ModelIntegratedComponent:63 - No mode defined for component null
2024-02-25 12:38:13,020 [WARN] ModelIntegratedComponent:63 - No mode defined for component null
2024-02-25 12:38:13,020 [WARN] ModelIntegratedComponent:63 - No mode defined for component null
2024-02-25 12:38:13,020 [WARN] ModelIntegratedComponent:63 - No mode defined for component null
2024-02-25 12:38:13,020 [WARN] ModelIntegratedComponent:63 - No mode defined for component null
2024-02-25 12:38:13,020 [WARN] ModelIntegratedComponent:63 - No mode defined for component null
2024-02-25 12:38:13,020 [WARN] ModelIntegratedComponent:63 - No mode defined for component null
2024-02-25 12:38:13,020 [WARN] ModelIntegratedComponent:63 - No mode defined for component null
2024-02-25 12:38:13,020 [WARN] ModelIntegratedComponent:63 - No mode defined for component null
2024-02-25 12:38:13,020 [WARN] ModelIntegratedComponent:63 - No mode defined for component null
2024-02-25 12:38:13,020 [WARN] ModelIntegratedComponent:63 - No mode defined for component null
2024-02-25 12:38:13,020 [WARN] ModelIntegratedComponent:63 - No mode defined for component null
2024-02-25 12:38:13,020 [WARN] ModelIntegratedComponent:63 - No mode defined for component null
2024-02-25 12:38:13,020 [WARN] ModelIntegratedComponent:63 - No mode defined for component null
2024-02-25 12:38:13,020 [WARN] ModelIntegratedComponent:63 - No mode defined for component null
2024-02-25 12:38:13,020 [WARN] ModelIntegratedComponent:63 - No mode defined for component null
2024-02-25 12:38:13,020 [WARN] ModelIntegratedComponent:63 - No mode defined for component null
2024-02-25 12:38:13,020 [WARN] ModelIntegratedComponent:63 - No mode defined for component null
2024-02-25 12:38:13,020 [WARN] ModelIntegratedComponent:63 - No mode defined for component null
2024-02-25 12:38:13,020 [WARN] ModelIntegratedComponent:63 - No mode defined for component null
2024-02-25 12:38:13,020 [WARN] ModelIntegratedComponent:63 - No mode defined for component null
2024-02-25 12:38:13,020 [WARN] ModelIntegratedComponent:63 - No mode defined for component null
2024-02-25 12:38:13,020 [WARN] ModelIntegratedComponent:63 - No mode defined for component null
2024-02-25 12:38:13,020 [WARN] ModelIntegratedComponent:63 - No mode defined for component null
2024-02-25 12:38:13,020 [WARN] ModelIntegratedComponent:63 - No mode defined for component null
2024-02-25 12:38:13,871 [INFO] ThirdPartyModel:298 - Start build external matchings
2024-02-25 12:38:27,405 [INFO] ThirdPartyModel:316 - End build external matchings
2024-02-25 12:38:28,001 [INFO] UtilMem:75 - End LoadConfig() Used Memory: 796566360 Bytes (1073741824)
2024-02-25 12:38:28,034 [WARN] ThirdParty:833 - waiting for thirdparty lock release [change project]
2024-02-25 12:38:28,034 [INFO] ThirdParty:835 - entering critical section [change project]
2024-02-25 12:38:28,034 [INFO] ThirdParty:1030 - CMSIS Pack Vendor :wolfSSL I-CUBE-wolfSSL 5.2.0
2024-02-25 12:38:28,034 [INFO] ThirdParty:1030 - CMSIS Pack Vendor :STMicroelectronics USBPD 4.1
2024-02-25 12:38:28,034 [INFO] ThirdParty:1030 - CMSIS Pack Vendor :STMicroelectronics X-CUBE-GNSS1 6.0.0
2024-02-25 12:38:28,034 [INFO] ThirdParty:1030 - CMSIS Pack Vendor :STMicroelectronics USB_HOST 2.0.0
2024-02-25 12:38:28,034 [INFO] ThirdParty:1030 - CMSIS Pack Vendor :STMicroelectronics X-CUBE-AZRTOS-F4 1.1.0
2024-02-25 12:38:28,034 [INFO] ThirdParty:1030 - CMSIS Pack Vendor :STMicroelectronics LIBJPEG 8.0.0
2024-02-25 12:38:28,034 [INFO] ThirdParty:1030 - CMSIS Pack Vendor :STMicroelectronics X-CUBE-SMBUS 2.1.0
2024-02-25 12:38:28,034 [INFO] ThirdParty:1030 - CMSIS Pack Vendor :STMicroelectronics X-CUBE-TOUCHGFX 4.23.0
2024-02-25 12:38:28,034 [INFO] ThirdParty:1030 - CMSIS Pack Vendor :STMicroelectronics X-CUBE-MEMS1 9.2.0
2024-02-25 12:38:28,034 [INFO] ThirdParty:1030 - CMSIS Pack Vendor :STMicroelectronics X-CUBE-BLEMGR 1.2.0
2024-02-25 12:38:28,034 [INFO] ThirdParty:1030 - CMSIS Pack Vendor :STMicroelectronics X-CUBE-AZRTOS-F7 1.1.0
2024-02-25 12:38:28,034 [INFO] ThirdParty:1030 - CMSIS Pack Vendor :STMicroelectronics X-CUBE-AZRTOS-L5 2.0.0
2024-02-25 12:38:28,034 [INFO] ThirdParty:1030 - CMSIS Pack Vendor :STMicroelectronics USB_DEVICE 2.0.0
2024-02-25 12:38:28,034 [INFO] ThirdParty:1030 - CMSIS Pack Vendor :STMicroelectronics X-CUBE-MEMS1 9.6.0
2024-02-25 12:38:28,034 [INFO] ThirdParty:1030 - CMSIS Pack Vendor :STMicroelectronics X-CUBE-EEPRMA1 4.2.0
2024-02-25 12:38:28,034 [INFO] ThirdParty:1030 - CMSIS Pack Vendor :ITTIA_DB I-CUBE-ITTIADB 8.8.0
2024-02-25 12:38:28,034 [INFO] ThirdParty:1030 - CMSIS Pack Vendor :STMicroelectronics X-CUBE-AI 7.1.0
2024-02-25 12:38:28,034 [INFO] ThirdParty:1030 - CMSIS Pack Vendor :STMicroelectronics X-CUBE-TOUCHGFX 4.19.1
2024-02-25 12:38:28,034 [INFO] ThirdParty:1030 - CMSIS Pack Vendor :STMicroelectronics FP-SNS-MOTENV1 4.3.2
2024-02-25 12:38:28,034 [INFO] ThirdParty:1030 - CMSIS Pack Vendor :STMicroelectronics FP-SNS-MOTENV1 4.3.1
2024-02-25 12:38:28,034 [INFO] ThirdParty:1030 - CMSIS Pack Vendor :STMicroelectronics FP-SNS-FLIGHT1 5.0.1
2024-02-25 12:38:28,034 [INFO] ThirdParty:1030 - CMSIS Pack Vendor :STMicroelectronics X-CUBE-BLE1 6.2.3
2024-02-25 12:38:28,034 [INFO] ThirdParty:1030 - CMSIS Pack Vendor :STMicroelectronics X-CUBE-BLE1 6.2.4
2024-02-25 12:38:28,034 [INFO] ThirdParty:1030 - CMSIS Pack Vendor :STMicroelectronics FreeRTOS 0.0.1
2024-02-25 12:38:28,034 [INFO] ThirdParty:1030 - CMSIS Pack Vendor :STMicroelectronics X-CUBE-BLEMGR 2.0.0
2024-02-25 12:38:28,034 [INFO] ThirdParty:1030 - CMSIS Pack Vendor :STMicroelectronics FP-SNS-FLIGHT1 5.0.2
2024-02-25 12:38:28,034 [INFO] ThirdParty:1030 - CMSIS Pack Vendor :STMicroelectronics X-CUBE-NFC4 2.0.5
2024-02-25 12:38:28,034 [INFO] ThirdParty:1030 - CMSIS Pack Vendor :STMicroelectronics X-CUBE-BLE2 3.2.2
2024-02-25 12:38:28,034 [INFO] ThirdParty:1030 - CMSIS Pack Vendor :STMicroelectronics X-CUBE-NFC4 2.0.4
2024-02-25 12:38:28,034 [INFO] ThirdParty:1030 - CMSIS Pack Vendor :STMicroelectronics X-CUBE-NFC4 2.0.3
2024-02-25 12:38:28,034 [INFO] ThirdParty:1030 - CMSIS Pack Vendor :STMicroelectronics X-CUBE-AZRTOS-H7 3.1.0
2024-02-25 12:38:28,034 [INFO] ThirdParty:1030 - CMSIS Pack Vendor :STMicroelectronics X-CUBE-TOUCHGFX 4.19.0
2024-02-25 12:38:28,034 [INFO] ThirdParty:1030 - CMSIS Pack Vendor :STMicroelectronics PDM2PCM 3.3.0
2024-02-25 12:38:28,034 [INFO] ThirdParty:1030 - CMSIS Pack Vendor :STMicroelectronics X-CUBE-TOF1 3.1.0
2024-02-25 12:38:28,034 [INFO] ThirdParty:1030 - CMSIS Pack Vendor :STMicroelectronics X-CUBE-SFXS2LP1 3.1.0
2024-02-25 12:38:28,034 [INFO] ThirdParty:1030 - CMSIS Pack Vendor :STMicroelectronics X-CUBE-DISPLAY 3.0.0
2024-02-25 12:38:28,034 [INFO] ThirdParty:1030 - CMSIS Pack Vendor :STMicroelectronics X-CUBE-AZRTOS-F4 1.0.0
2024-02-25 12:38:28,034 [INFO] ThirdParty:1030 - CMSIS Pack Vendor :STMicroelectronics X-CUBE-BLE1 7.0.0
2024-02-25 12:38:28,034 [INFO] ThirdParty:1030 - CMSIS Pack Vendor :STMicroelectronics HAL Drivers 0.0.0
2024-02-25 12:38:28,035 [INFO] ThirdParty:1030 - CMSIS Pack Vendor :STMicroelectronics X-CUBE-TOUCHGFX 4.22.0
2024-02-25 12:38:28,035 [INFO] ThirdParty:1030 - CMSIS Pack Vendor :STMicroelectronics X-CUBE-NFC7 1.0.1
2024-02-25 12:38:28,035 [INFO] ThirdParty:1030 - CMSIS Pack Vendor :STMicroelectronics MBEDTLS 2.14.1
2024-02-25 12:38:28,035 [INFO] ThirdParty:1030 - CMSIS Pack Vendor :STMicroelectronics X-CUBE-NFC7 1.0.0
2024-02-25 12:38:28,035 [INFO] ThirdParty:1030 - CMSIS Pack Vendor :STMicroelectronics X-CUBE-TOUCHGFX 4.22.1
2024-02-25 12:38:28,035 [INFO] ThirdParty:1030 - CMSIS Pack Vendor :STMicroelectronics X-CUBE-SUBG2 4.2.0
2024-02-25 12:38:28,035 [INFO] ThirdParty:1030 - CMSIS Pack Vendor :STMicroelectronics X-CUBE-NFC6 3.0.0
2024-02-25 12:38:28,035 [INFO] ThirdParty:1030 - CMSIS Pack Vendor :STMicroelectronics X-CUBE-MEMS1 9.3.0
2024-02-25 12:38:28,035 [INFO] ThirdParty:1030 - CMSIS Pack Vendor :STMicroelectronics X-CUBE-EEPRMA1 4.1.0
2024-02-25 12:38:28,035 [INFO] ThirdParty:1030 - CMSIS Pack Vendor :STMicroelectronics X-CUBE-AI 7.2.0
2024-02-25 12:38:28,035 [INFO] ThirdParty:1030 - CMSIS Pack Vendor :STMicroelectronics FP-SNS-SMARTAG2 1.2.0
2024-02-25 12:38:28,035 [INFO] ThirdParty:1030 - CMSIS Pack Vendor :STMicroelectronics X-CUBE-AZRTOS-WL 2.0.0
2024-02-25 12:38:28,035 [INFO] ThirdParty:1030 - CMSIS Pack Vendor :STMicroelectronics USB_DEVICE 1.0.0
2024-02-25 12:38:28,035 [INFO] ThirdParty:1030 - CMSIS Pack Vendor :STMicroelectronics X-CUBE-AI 8.1.0
2024-02-25 12:38:28,035 [INFO] ThirdParty:1030 - CMSIS Pack Vendor :STMicroelectronics X-CUBE-AZRTOS-G0 1.0.0
2024-02-25 12:38:28,035 [INFO] ThirdParty:1030 - CMSIS Pack Vendor :STMicroelectronics X-CUBE-AZRTOS-L4 2.0.0
2024-02-25 12:38:28,035 [INFO] ThirdParty:1030 - CMSIS Pack Vendor :STMicroelectronics ThreadX 0.0.2
2024-02-25 12:38:28,035 [INFO] ThirdParty:1030 - CMSIS Pack Vendor :WES I-CUBE-Cesium 1.3.0
2024-02-25 12:38:28,035 [INFO] ThirdParty:1030 - CMSIS Pack Vendor :STMicroelectronics lwIP 2.1.2
2024-02-25 12:38:28,035 [INFO] ThirdParty:1030 - CMSIS Pack Vendor :STMicroelectronics X-CUBE-SFXS2LP1 4.0.0
2024-02-25 12:38:28,035 [INFO] ThirdParty:1030 - CMSIS Pack Vendor :STMicroelectronics X-CUBE-BLE2 3.3.0
2024-02-25 12:38:28,035 [INFO] ThirdParty:1030 - CMSIS Pack Vendor :STMicroelectronics X-CUBE-DISPLAY 2.2.0
2024-02-25 12:38:28,035 [INFO] ThirdParty:1030 - CMSIS Pack Vendor :STMicroelectronics X-CUBE-TOF1 3.2.0
2024-02-25 12:38:28,035 [INFO] ThirdParty:1030 - CMSIS Pack Vendor :STMicroelectronics PDM2PCM 3.2.0
2024-02-25 12:38:28,035 [INFO] ThirdParty:1030 - CMSIS Pack Vendor :STMicroelectronics X-CUBE-AZRTOS-H7 3.0.0
2024-02-25 12:38:28,035 [INFO] ThirdParty:1030 - CMSIS Pack Vendor :STMicroelectronics X-CUBE-ISPU 1.0.0
2024-02-25 12:38:28,035 [INFO] ThirdParty:1030 - CMSIS Pack Vendor :STMicroelectronics X-CUBE-ISPU 1.1.0
2024-02-25 12:38:28,035 [INFO] ThirdParty:1030 - CMSIS Pack Vendor :RoweBots I-CUBE-UNISONRTOS 5.5.0-4
2024-02-25 12:38:28,035 [INFO] ThirdParty:1030 - CMSIS Pack Vendor :STMicroelectronics X-CUBE-AZRTOS-H7 2.1.0
2024-02-25 12:38:28,035 [INFO] ThirdParty:1030 - CMSIS Pack Vendor :STMicroelectronics USB_DEVICE 3.0.0
2024-02-25 12:38:28,035 [INFO] ThirdParty:1030 - CMSIS Pack Vendor :STMicroelectronics X-CUBE-AI 8.0.0
2024-02-25 12:38:28,035 [INFO] ThirdParty:1030 - CMSIS Pack Vendor :STMicroelectronics X-CUBE-AZRTOS-WB 2.0.0
2024-02-25 12:38:28,035 [INFO] ThirdParty:1030 - CMSIS Pack Vendor :STMicroelectronics X-CUBE-FREERTOS 1.0.1
2024-02-25 12:38:28,035 [INFO] ThirdParty:1030 - CMSIS Pack Vendor :STMicroelectronics X-CUBE-TOUCHGFX 4.21.1
2024-02-25 12:38:28,035 [INFO] ThirdParty:1030 - CMSIS Pack Vendor :STMicroelectronics X-CUBE-TOUCHGFX 4.21.0
2024-02-25 12:38:28,035 [INFO] ThirdParty:1030 - CMSIS Pack Vendor :STMicroelectronics X-CUBE-TOUCHGFX 4.21.3
2024-02-25 12:38:28,035 [INFO] ThirdParty:1030 - CMSIS Pack Vendor :STMicroelectronics X-CUBE-BLEMGR 1.0.0
2024-02-25 12:38:28,035 [INFO] ThirdParty:1030 - CMSIS Pack Vendor :STMicroelectronics X-CUBE-TOUCHGFX 4.21.4
2024-02-25 12:38:28,035 [INFO] ThirdParty:1030 - CMSIS Pack Vendor :STMicroelectronics X-CUBE-MEMS1 9.4.0
2024-02-25 12:38:28,035 [INFO] ThirdParty:1030 - CMSIS Pack Vendor :STMicroelectronics X-CUBE-AI 7.3.0
2024-02-25 12:38:28,035 [INFO] ThirdParty:1030 - CMSIS Pack Vendor :STMicroelectronics X-CUBE-ALGOBUILD 1.3.0
2024-02-25 12:38:28,035 [INFO] ThirdParty:1030 - CMSIS Pack Vendor :STMicroelectronics X-CUBE-AZRTOS-L5 1.1.0
2024-02-25 12:38:28,035 [INFO] ThirdParty:1030 - CMSIS Pack Vendor :STMicroelectronics X-CUBE-AZRTOS-G0 1.1.0
2024-02-25 12:38:28,035 [INFO] ThirdParty:1030 - CMSIS Pack Vendor :STMicroelectronics X-CUBE-AI 8.0.1
2024-02-25 12:38:28,035 [INFO] ThirdParty:1030 - CMSIS Pack Vendor :STMicroelectronics X-CUBE-NFC4 3.0.0
2024-02-25 12:38:28,035 [INFO] ThirdParty:1030 - CMSIS Pack Vendor :SEGGER I-CUBE-embOS 1.2.0
2024-02-25 12:38:28,035 [INFO] ThirdParty:1030 - CMSIS Pack Vendor :STMicroelectronics X-CUBE-SUBG2 5.0.0
2024-02-25 12:38:28,036 [INFO] ThirdParty:1030 - CMSIS Pack Vendor :STMicroelectronics STM32_WPAN 1.0.0
2024-02-25 12:38:28,036 [INFO] ThirdParty:1030 - CMSIS Pack Vendor :STMicroelectronics lwIP 2.0.3
2024-02-25 12:38:28,036 [INFO] ThirdParty:1030 - CMSIS Pack Vendor :STMicroelectronics USB_HOST 1.0.0
2024-02-25 12:38:28,036 [INFO] ThirdParty:1030 - CMSIS Pack Vendor :STMicroelectronics X-CUBE-DISPLAY 2.1.0
2024-02-25 12:38:28,036 [INFO] ThirdParty:1030 - CMSIS Pack Vendor :STMicroelectronics X-CUBE-TOF1 3.3.1
2024-02-25 12:38:28,036 [INFO] ThirdParty:1030 - CMSIS Pack Vendor :STMicroelectronics X-CUBE-AZRTOS-G4 2.0.0
2024-02-25 12:38:28,036 [INFO] ThirdParty:1030 - CMSIS Pack Vendor :STMicroelectronics PDM2PCM 3.1.0
2024-02-25 12:38:28,036 [INFO] ThirdParty:1030 - CMSIS Pack Vendor :STMicroelectronics X-CUBE-TOF1 3.3.0
2024-02-25 12:38:28,036 [INFO] ThirdParty:1030 - CMSIS Pack Vendor :STMicroelectronics FP-ATR-ASTRA1 1.1.1
2024-02-25 12:38:28,036 [INFO] ThirdParty:1030 - CMSIS Pack Vendor :Infineon AIROC-Wi-Fi-Bluetooth-STM32 1.5.1
2024-02-25 12:38:28,036 [INFO] ThirdParty:1030 - CMSIS Pack Vendor :STMicroelectronics X-CUBE-BLEMGR 3.0.0
2024-02-25 12:38:28,036 [INFO] ThirdParty:1030 - CMSIS Pack Vendor :STMicroelectronics FP-ATR-ASTRA1 1.1.0
2024-02-25 12:38:28,036 [INFO] ThirdParty:1030 - CMSIS Pack Vendor :STMicroelectronics X-CUBE-BLEMGR 1.3.0
2024-02-25 12:38:28,036 [INFO] ThirdParty:1030 - CMSIS Pack Vendor :STMicroelectronics X-CUBE-AZRTOS-H7 2.0.0
2024-02-25 12:38:28,036 [INFO] ThirdParty:1030 - CMSIS Pack Vendor :STMicroelectronics FP-SNS-MOTENVWB1 1.3.1
2024-02-25 12:38:28,036 [INFO] ThirdParty:1030 - CMSIS Pack Vendor :STMicroelectronics FP-ATR-SIGFOX1 3.2.0
2024-02-25 12:38:28,036 [INFO] ThirdParty:1030 - CMSIS Pack Vendor :STMicroelectronics X-CUBE-AZRTOS-G4 1.0.0
2024-02-25 12:38:28,036 [INFO] ThirdParty:1030 - CMSIS Pack Vendor :STMicroelectronics X-CUBE-AZRTOS-L4 1.0.0
2024-02-25 12:38:28,036 [INFO] ThirdParty:1030 - CMSIS Pack Vendor :STMicroelectronics X-CUBE-ISPU 2.0.0
2024-02-25 12:38:28,036 [INFO] ThirdParty:1030 - CMSIS Pack Vendor :STMicroelectronics X-CUBE-EEPRMA1 5.1.0
2024-02-25 12:38:28,036 [INFO] ThirdParty:1030 - CMSIS Pack Vendor :STMicroelectronics MBEDTLS 2.16.2
2024-02-25 12:38:28,036 [INFO] ThirdParty:1030 - CMSIS Pack Vendor :emotas I-CUBE-CANOPEN 1.1.2
2024-02-25 12:38:28,036 [INFO] ThirdParty:1030 - CMSIS Pack Vendor :STMicroelectronics X-CUBE-TOUCHGFX 4.20.0
2024-02-25 12:38:28,036 [INFO] ThirdParty:1030 - CMSIS Pack Vendor :STMicroelectronics X-CUBE-MEMS1 10.0.0
2024-02-25 12:38:28,036 [INFO] ThirdParty:1030 - CMSIS Pack Vendor :STMicroelectronics X-CUBE-FREERTOS 1.1.0
2024-02-25 12:38:28,036 [INFO] ThirdParty:1030 - CMSIS Pack Vendor :STMicroelectronics X-CUBE-AZRTOS-F7 1.0.0
2024-02-25 12:38:28,037 [INFO] ThirdParty:1030 - CMSIS Pack Vendor :STMicroelectronics X-CUBE-AZRTOS-WL 1.0.0
2024-02-25 12:38:28,037 [INFO] ThirdParty:1030 - CMSIS Pack Vendor :STMicroelectronics X-CUBE-MEMS1 9.1.0
2024-02-25 12:38:28,037 [INFO] ThirdParty:1030 - CMSIS Pack Vendor :portGmbH I-Cube-SoM-uGOAL 1.1.0
2024-02-25 12:38:28,037 [INFO] ThirdParty:1030 - CMSIS Pack Vendor :STMicroelectronics X-CUBE-ALS 1.0.1
2024-02-25 12:38:28,037 [INFO] ThirdParty:1030 - CMSIS Pack Vendor :STMicroelectronics X-CUBE-MEMS1 9.5.0
2024-02-25 12:38:28,037 [INFO] ThirdParty:1030 - CMSIS Pack Vendor :STMicroelectronics ThreadX 1.0.0
2024-02-25 12:38:28,037 [INFO] ThirdParty:1030 - CMSIS Pack Vendor :STMicroelectronics X-CUBE-AZRTOS-WB 1.1.0
2024-02-25 12:38:28,037 [INFO] ThirdParty:1030 - CMSIS Pack Vendor :SEGGER I-CUBE-embOS 1.3.1
2024-02-25 12:38:28,037 [INFO] ThirdParty:1030 - CMSIS Pack Vendor :STMicroelectronics X-CUBE-AZRTOS-L5 1.0.0
2024-02-25 12:38:28,037 [INFO] ThirdParty:1030 - CMSIS Pack Vendor :STMicroelectronics X-CUBE-EEPRMA1 3.1.1
2024-02-25 12:38:28,037 [INFO] ThirdParty:1030 - CMSIS Pack Vendor :STMicroelectronics X-CUBE-GNSS1 5.2.0
2024-02-25 12:38:28,037 [INFO] ThirdParty:1030 - CMSIS Pack Vendor :STMicroelectronics FP-ATR-ASTRA1 2.0.0
2024-02-25 12:38:28,037 [INFO] ThirdParty:1030 - CMSIS Pack Vendor :STMicroelectronics X-CUBE-DISPLAY 2.0.1
2024-02-25 12:38:28,037 [INFO] ThirdParty:1030 - CMSIS Pack Vendor :STMicroelectronics X-CUBE-TOF1 3.4.0
2024-02-25 12:38:28,037 [INFO] ThirdParty:1030 - CMSIS Pack Vendor :STMicroelectronics X-CUBE-AZRTOS-H7 3.2.0
2024-02-25 12:38:28,037 [INFO] ThirdParty:1030 - CMSIS Pack Vendor :STMicroelectronics X-CUBE-TOF1 3.0.0
2024-02-25 12:38:28,037 [INFO] ThirdParty:841 - exiting critical section [change project]
2024-02-25 12:38:28,256 [INFO] PinOutPanel:1499 - setPackage(No Configuration,No Configuration)
2024-02-25 12:38:28,283 [INFO] PinOutPanel:1499 - setPackage(STM32F429ZITx,LQFP144)
2024-02-25 12:38:28,586 [INFO] UtilMem:75 - Before build in PCC Used Memory: 730165192 Bytes (1073741824)
2024-02-25 12:38:28,910 [INFO] UtilMem:75 - After build in PCC Used Memory: 778366656 Bytes (1073741824)
2024-02-25 12:38:28,943 [INFO] IPUIPlugin:80 - create IPUIPlugin
2024-02-25 12:38:28,943 [INFO] IPUIPlugin:80 - create IPUIPlugin
2024-02-25 12:38:28,943 [INFO] IPUIPlugin:80 - create IPUIPlugin
2024-02-25 12:38:28,943 [INFO] IPUIPlugin:80 - create IPUIPlugin
2024-02-25 12:38:28,943 [INFO] IPUIPlugin:80 - create IPUIPlugin
2024-02-25 12:38:28,943 [INFO] IPUIPlugin:80 - create IPUIPlugin
2024-02-25 12:38:28,944 [INFO] IPUIPlugin:80 - create IPUIPlugin
2024-02-25 12:38:28,944 [INFO] IPUIPlugin:80 - create IPUIPlugin
2024-02-25 12:38:28,944 [INFO] IPUIPlugin:80 - create IPUIPlugin
2024-02-25 12:38:28,944 [INFO] IPUIPlugin:80 - create IPUIPlugin
2024-02-25 12:38:28,944 [INFO] IPUIPlugin:80 - create IPUIPlugin
2024-02-25 12:38:28,944 [INFO] IPUIPlugin:80 - create IPUIPlugin
2024-02-25 12:38:28,944 [INFO] IPUIPlugin:80 - create IPUIPlugin
2024-02-25 12:38:28,944 [INFO] IPUIPlugin:80 - create IPUIPlugin
2024-02-25 12:38:28,944 [INFO] IPUIPlugin:80 - create IPUIPlugin
2024-02-25 12:38:28,944 [INFO] IPUIPlugin:80 - create IPUIPlugin
2024-02-25 12:38:28,944 [INFO] IPUIPlugin:80 - create IPUIPlugin
2024-02-25 12:38:28,945 [INFO] IPUIPlugin:80 - create IPUIPlugin
2024-02-25 12:38:28,945 [INFO] IPUIPlugin:80 - create IPUIPlugin
2024-02-25 12:38:28,945 [INFO] IPUIPlugin:80 - create IPUIPlugin
2024-02-25 12:38:28,945 [INFO] IPUIPlugin:80 - create IPUIPlugin
2024-02-25 12:38:28,945 [INFO] IPUIPlugin:80 - create IPUIPlugin
2024-02-25 12:38:28,945 [INFO] IPUIPlugin:80 - create IPUIPlugin
2024-02-25 12:38:28,945 [INFO] IPUIPlugin:80 - create IPUIPlugin
2024-02-25 12:38:28,945 [INFO] IPUIPlugin:80 - create IPUIPlugin
2024-02-25 12:38:28,945 [INFO] IPUIPlugin:80 - create IPUIPlugin
2024-02-25 12:38:28,946 [INFO] IPUIPlugin:80 - create IPUIPlugin
2024-02-25 12:38:28,946 [INFO] IPUIPlugin:80 - create IPUIPlugin
2024-02-25 12:38:28,946 [INFO] IPUIPlugin:80 - create IPUIPlugin
2024-02-25 12:38:28,946 [INFO] IPUIPlugin:80 - create IPUIPlugin
2024-02-25 12:38:28,946 [INFO] IPUIPlugin:80 - create IPUIPlugin
2024-02-25 12:38:28,946 [INFO] IPUIPlugin:80 - create IPUIPlugin
2024-02-25 12:38:28,946 [INFO] IPUIPlugin:80 - create IPUIPlugin
2024-02-25 12:38:28,946 [INFO] IPUIPlugin:80 - create IPUIPlugin
2024-02-25 12:38:28,947 [INFO] IPUIPlugin:80 - create IPUIPlugin
2024-02-25 12:38:28,947 [INFO] IPUIPlugin:80 - create IPUIPlugin
2024-02-25 12:38:28,947 [INFO] IPUIPlugin:80 - create IPUIPlugin
2024-02-25 12:38:28,947 [INFO] IPUIPlugin:80 - create IPUIPlugin
2024-02-25 12:38:28,947 [INFO] IPUIPlugin:80 - create IPUIPlugin
2024-02-25 12:38:28,947 [INFO] IPUIPlugin:80 - create IPUIPlugin
2024-02-25 12:38:28,948 [INFO] IPUIPlugin:80 - create IPUIPlugin
2024-02-25 12:38:28,948 [INFO] IPUIPlugin:80 - create IPUIPlugin
2024-02-25 12:38:28,948 [INFO] IPUIPlugin:80 - create IPUIPlugin
2024-02-25 12:38:28,948 [INFO] IPUIPlugin:80 - create IPUIPlugin
2024-02-25 12:38:28,948 [INFO] IPUIPlugin:80 - create IPUIPlugin
2024-02-25 12:38:28,948 [INFO] IPUIPlugin:80 - create IPUIPlugin
2024-02-25 12:38:28,949 [INFO] IPUIPlugin:80 - create IPUIPlugin
2024-02-25 12:38:28,949 [INFO] IPUIPlugin:80 - create IPUIPlugin
2024-02-25 12:38:28,949 [INFO] IPUIPlugin:80 - create IPUIPlugin
2024-02-25 12:38:28,949 [INFO] IPUIPlugin:80 - create IPUIPlugin
2024-02-25 12:38:28,949 [INFO] IPUIPlugin:80 - create IPUIPlugin
2024-02-25 12:38:28,949 [INFO] IPUIPlugin:80 - create IPUIPlugin
2024-02-25 12:38:28,950 [INFO] IPUIPlugin:80 - create IPUIPlugin
2024-02-25 12:38:28,950 [INFO] IPUIPlugin:80 - create IPUIPlugin
2024-02-25 12:38:28,951 [INFO] IPUIPlugin:80 - create IPUIPlugin
2024-02-25 12:38:28,951 [INFO] IPUIPlugin:80 - create IPUIPlugin
2024-02-25 12:38:28,951 [INFO] IPUIPlugin:80 - create IPUIPlugin
2024-02-25 12:38:28,951 [INFO] IPUIPlugin:80 - create IPUIPlugin
2024-02-25 12:38:28,952 [INFO] IPUIPlugin:80 - create IPUIPlugin
2024-02-25 12:38:28,952 [INFO] IPUIPlugin:80 - create IPUIPlugin
2024-02-25 12:38:28,953 [INFO] IPUIPlugin:80 - create IPUIPlugin
2024-02-25 12:38:28,953 [INFO] IPUIPlugin:80 - create IPUIPlugin
2024-02-25 12:38:28,956 [INFO] IPUIPlugin:80 - create IPUIPlugin
2024-02-25 12:38:28,956 [INFO] IPUIPlugin:80 - create IPUIPlugin
2024-02-25 12:38:28,956 [INFO] IPUIPlugin:80 - create IPUIPlugin
2024-02-25 12:38:28,957 [INFO] IPUIPlugin:80 - create IPUIPlugin
2024-02-25 12:38:28,997 [INFO] ApiDbMcu:507 - Load IP Config File for PDM2PCM
2024-02-25 12:38:29,057 [INFO] CADModel:165 - CPN selected for project levelSTM32F429ZIT6
2024-02-25 12:38:29,057 [INFO] CADModel:114 - Register for checkConnection events
2024-02-25 12:38:29,116 [INFO] OpenFileManager:328 - Restore cursor
