08:53:11 **** Incremental Build of configuration Debug for project Menu_based_app ****
make -j8 all 
arm-none-eabi-gcc "../Core/Src/main.c" -mcpu=cortex-m4 -std=gnu11 -g3 -DDEBUG -DFREERTOS -DUSE_HAL_DRIVER -DSTM32F429xx -c -I../Core/Inc -I"D:/Users/soumy/GitHub/RTOS/Menu_based_app/ThirdParty/portable/GCC/ARM_CM4F" -I"D:/Users/soumy/GitHub/RTOS/Menu_based_app/ThirdParty/include" -I../Drivers/STM32F4xx_HAL_Driver/Inc -I../Drivers/STM32F4xx_HAL_Driver/Inc/Legacy -I../Drivers/CMSIS/Device/ST/STM32F4xx/Include -I../Drivers/CMSIS/Include -O0 -ffunction-sections -fdata-sections -Wall -fstack-usage -fcyclomatic-complexity -MMD -MP -MF"Core/Src/main.d" -MT"Core/Src/main.o" --specs=nano.specs -mfpu=fpv4-sp-d16 -mfloat-abi=hard -mthumb -o "Core/Src/main.o"
../Core/Src/main.c:62:13: warning: 'Menu_Task' used but never defined
   62 | static void Menu_Task(void*);
      |             ^~~~~~~~~
../Core/Src/main.c:63:13: warning: 'LED_Task' used but never defined
   63 | static void LED_Task(void*);
      |             ^~~~~~~~
../Core/Src/main.c:64:13: warning: 'RTC_Task' used but never defined
   64 | static void RTC_Task(void*);
      |             ^~~~~~~~
../Core/Src/main.c:65:13: warning: 'Command_Handler' used but never defined
   65 | static void Command_Handler(void*);
      |             ^~~~~~~~~~~~~~~
../Core/Src/main.c:66:13: warning: 'Print_Task' used but never defined
   66 | static void Print_Task(void*);
      |             ^~~~~~~~~~
arm-none-eabi-gcc -o "Menu_based_app.elf" @"objects.list"   -mcpu=cortex-m4 -T"D:\Users\soumy\GitHub\RTOS\Menu_based_app\STM32F429ZITX_FLASH.ld" --specs=nosys.specs -Wl,-Map="Menu_based_app.map" -Wl,--gc-sections -static --specs=nano.specs -mfpu=fpv4-sp-d16 -mfloat-abi=hard -mthumb -Wl,--start-group -lc -lm -Wl,--end-group
D:/ST/STM32CubeIDE_1.9.0/STM32CubeIDE/plugins/com.st.stm32cube.ide.mcu.externaltools.gnu-tools-for-stm32.11.3.rel1.win32_1.1.0.202305231506/tools/bin/../lib/gcc/arm-none-eabi/11.3.1/../../../../arm-none-eabi/bin/ld.exe: ./Core/Src/main.o: in function `main':
D:/Users/soumy/GitHub/RTOS/Menu_based_app/Debug/../Core/Src/main.c:121: undefined reference to `Menu_Task'
D:/ST/STM32CubeIDE_1.9.0/STM32CubeIDE/plugins/com.st.stm32cube.ide.mcu.externaltools.gnu-tools-for-stm32.11.3.rel1.win32_1.1.0.202305231506/tools/bin/../lib/gcc/arm-none-eabi/11.3.1/../../../../arm-none-eabi/bin/ld.exe: D:/Users/soumy/GitHub/RTOS/Menu_based_app/Debug/../Core/Src/main.c:121: undefined reference to `LED_Task'
D:/ST/STM32CubeIDE_1.9.0/STM32CubeIDE/plugins/com.st.stm32cube.ide.mcu.externaltools.gnu-tools-for-stm32.11.3.rel1.win32_1.1.0.202305231506/tools/bin/../lib/gcc/arm-none-eabi/11.3.1/../../../../arm-none-eabi/bin/ld.exe: D:/Users/soumy/GitHub/RTOS/Menu_based_app/Debug/../Core/Src/main.c:121: undefined reference to `RTC_Task'
D:/ST/STM32CubeIDE_1.9.0/STM32CubeIDE/plugins/com.st.stm32cube.ide.mcu.externaltools.gnu-tools-for-stm32.11.3.rel1.win32_1.1.0.202305231506/tools/bin/../lib/gcc/arm-none-eabi/11.3.1/../../../../arm-none-eabi/bin/ld.exe: D:/Users/soumy/GitHub/RTOS/Menu_based_app/Debug/../Core/Src/main.c:121: undefined reference to `Command_Handler'
D:/ST/STM32CubeIDE_1.9.0/STM32CubeIDE/plugins/com.st.stm32cube.ide.mcu.externaltools.gnu-tools-for-stm32.11.3.rel1.win32_1.1.0.202305231506/tools/bin/../lib/gcc/arm-none-eabi/11.3.1/../../../../arm-none-eabi/bin/ld.exe: D:/Users/soumy/GitHub/RTOS/Menu_based_app/Debug/../Core/Src/main.c:121: undefined reference to `Print_Task'
collect2.exe: error: ld returned 1 exit status
make: *** [makefile:67: Menu_based_app.elf] Error 1
"make -j8 all" terminated with exit code 2. Build might be incomplete.

08:53:13 Build Failed. 7 errors, 5 warnings. (took 1s.898ms)

